<?xml version="1.0" encoding="UTF-8"?>
<!-- Generated by org.testng.reporters.JUnitReportReporter -->
<testsuite hostname="vajapu" failures="0" tests="3" name="com.HealthyfiMe.test.TrackFood_Test" time="123.919" errors="0" timestamp="2020-07-06T08:30:00 IST" skipped="0">
  <testcase classname="com.HealthyfiMe.test.TrackFood_Test" name="trackBreakfast" time="43.467"/>
  <system-out/>
  <testcase classname="com.HealthyfiMe.test.TrackFood_Test" name="trackBreakfast" time="40.197"/>
  <system-out/>
  <testcase classname="com.HealthyfiMe.test.TrackFood_Test" name="trackBreakfast" time="40.255"/>
  <system-out/>
</testsuite> <!-- com.HealthyfiMe.test.TrackFood_Test -->
