<?xml version="1.0" encoding="UTF-8"?>
<!-- Generated by org.testng.reporters.JUnitReportReporter -->
<testsuite hostname="vajapu" failures="0" tests="3" name="com.HealthyfiMe.test.TrackFood_Test" time="127.001" errors="0" timestamp="2020-06-25T13:10:05 IST" skipped="0">
  <testcase classname="com.HealthyfiMe.test.TrackFood_Test" name="trackBreakfast" time="42.919"/>
  <system-out/>
  <testcase classname="com.HealthyfiMe.test.TrackFood_Test" name="trackBreakfast" time="42.297"/>
  <system-out/>
  <testcase classname="com.HealthyfiMe.test.TrackFood_Test" name="trackBreakfast" time="41.785"/>
  <system-out/>
</testsuite> <!-- com.HealthyfiMe.test.TrackFood_Test -->
